<?xml version='1.0'?>
<ns2:test-suite xmlns:ns2='urn:model.allure.qatools.yandex.ru' start='1670502512386' stop='1670502584710'>
    <name>TC 23: Verify address details</name>
    <title>TC 23: Verify address details</title>
    <test-cases>
        <test-case start='1670502512388' status='failed' stop='1670502554254'>
            <name>1  Verify address details in checkout page</name>
            <title>1  Verify address details in checkout page</title>
            <labels>
                <label name='language' value='javascript'/>
                <label name='framework' value='wdio'/>
                <label name='thread' value='0-0'/>
            </labels>
            <parameters>
                <parameter kind='argument' name='browser' value='chrome-108.0.5359.73'/>
            </parameters>
            <steps/>
            <attachments/>
            <failure>
                <message>Error: element ("div>h2>b") still not displayed after 10000ms</message>
                <stack-trace>    at processTicksAndRejections (node:internal/process/task_queues:95:5)
                    at UserContext.&lt;anonymous> (D:\MY\TestFile\test\specs\/23verifyAddress.test.js:22:9)</stack-trace>
            </failure>
        </test-case>
        <test-case start='1670502554256' status='failed' stop='1670502584709'>
            <name>verify Address and checkout</name>
            <title>verify Address and checkout</title>
            <labels>
                <label name='language' value='javascript'/>
                <label name='framework' value='wdio'/>
                <label name='thread' value='0-0'/>
            </labels>
            <parameters>
                <parameter kind='argument' name='browser' value='chrome-108.0.5359.73'/>
            </parameters>
            <steps/>
            <attachments>
                <attachment title='Screenshot' source='5a4d8265-3e19-4330-9278-2db4c7af2b5b-attachment.png' type='image/png' size='91091'/>
            </attachments>
            <failure>
                <message>Error: Can't call setValue on element with selector "textarea" because element wasn't found</message>
                <stack-trace>    at processTicksAndRejections (node:internal/process/task_queues:95:5)
                    at UserContext.&lt;anonymous> (D:\MY\TestFile\test\specs\/23verifyAddress.test.js:45:9)</stack-trace>
            </failure>
        </test-case>
    </test-cases>
</ns2:test-suite>