<?xml version='1.0'?>
<ns2:test-suite xmlns:ns2='urn:model.allure.qatools.yandex.ru' start='1670494127824' stop='1670494173106'>
    <name>TC 8 :  Verifying Product Description Page</name>
    <title>TC 8 :  Verifying Product Description Page</title>
    <test-cases>
        <test-case start='1670494127826' status='failed' stop='1670494142241'>
            <name>1 Verify PDP page</name>
            <title>1 Verify PDP page</title>
            <labels>
                <label name='language' value='javascript'/>
                <label name='framework' value='wdio'/>
                <label name='thread' value='0-0'/>
            </labels>
            <parameters>
                <parameter kind='argument' name='browser' value='chrome-108.0.5359.73'/>
            </parameters>
            <steps/>
            <attachments/>
            <failure>
                <message>TypeError: expect(...).toHaveUrlConatining is not a function</message>
                <stack-trace>    at UserContext.&lt;anonymous> (D:\MY\TestFile\test\specs\/8productPdp.test.js:14:31)
                    at processTicksAndRejections (node:internal/process/task_queues:95:5)</stack-trace>
            </failure>
        </test-case>
        <test-case start='1670494142242' status='failed' stop='1670494173106'>
            <name>2 Verify that product detail is visible: product name, category, price, availability, condition, brand</name>
            <title>2 Verify that product detail is visible: product name, category, price, availability, condition, brand</title>
            <labels>
                <label name='language' value='javascript'/>
                <label name='framework' value='wdio'/>
                <label name='thread' value='0-0'/>
            </labels>
            <parameters>
                <parameter kind='argument' name='browser' value='chrome-108.0.5359.73'/>
            </parameters>
            <steps/>
            <attachments>
                <attachment title='Screenshot' source='e34cba72-54ba-4aa4-8435-52258b44869b-attachment.png' type='image/png' size='278090'/>
            </attachments>
            <failure>
                <message>Error: Expect $(`.product-information > h2`) to be displayed
                
                Expected: "displayed"
                Received: "not displayed"</message>
                <stack-trace>error properties: Object({ matcherResult: Object({ pass: false, message: 'Expect $(`.product-information > h2`) to be displayed
                
                Expected: "displayed"
                Received: "not displayed"' }) })
                Error: Expect $(`.product-information > h2`) to be displayed
                Expected: "displayed"
                Received: "not displayed"
                    at UserContext.&lt;anonymous> (D:\MY\TestFile\test\specs\/8productPdp.test.js:24:43)
                    at processTicksAndRejections (node:internal/process/task_queues:95:5)</stack-trace>
            </failure>
        </test-case>
    </test-cases>
</ns2:test-suite>